<?xml version="1.0" encoding="UTF-8"?>
<testng-results skipped="0" failed="1" total="3" passed="2">
  <reporter-output>
  </reporter-output>
  <suite name="Default suite" duration-ms="141148" started-at="2015-11-05T09:54:23Z" finished-at="2015-11-05T09:56:44Z">
    <groups>
    </groups>
    <test name="Default test" duration-ms="141148" started-at="2015-11-05T09:54:23Z" finished-at="2015-11-05T09:56:44Z">
      <class name="com.example.tests.ContactModificationTests">
        <test-method status="PASS" signature="setUp()[pri:0, instance:com.example.tests.ContactModificationTests@2471cca7]" name="setUp" is-config="true" duration-ms="10027" started-at="2015-11-05T12:54:23Z" finished-at="2015-11-05T12:54:33Z">
          <reporter-output>
          </reporter-output>
        </test-method> <!-- setUp -->
        <test-method status="PASS" signature="modifySomeContact(com.example.tests.ContactData)[pri:0, instance:com.example.tests.ContactModificationTests@2471cca7]" name="modifySomeContact" duration-ms="63556" started-at="2015-11-05T12:54:34Z" data-provider="randomvalidContactGenerator" finished-at="2015-11-05T12:55:38Z">
          <params>
            <param index="0">
              <value>
                <![CDATA[ContactData [firstname=test-2047060362, lastname=test1747868456, address=, home=test202054427, mobile=test1015280408, work=test953775355, email=, email2=, bday=-, bmonth=July, byear=1612, group=GroupData [groupname=Marketing, header=null, footer=null], address2=, phone2=test-75582797]]]>
              </value>
            </param>
          </params>
          <reporter-output>
          </reporter-output>
        </test-method> <!-- modifySomeContact -->
        <test-method status="FAIL" signature="modifySomeContact(com.example.tests.ContactData)[pri:0, instance:com.example.tests.ContactModificationTests@2471cca7]" name="modifySomeContact" duration-ms="32866" started-at="2015-11-05T12:55:38Z" data-provider="randomvalidContactGenerator" finished-at="2015-11-05T12:56:10Z">
          <params>
            <param index="0">
              <value>
                <![CDATA[ContactData [firstname=test1119998441, lastname=test770306503, address=, home=test741084679, mobile=test2090664200, work=test-2146134446, email=test-1273056646, email2=test-897111604, bday=11, bmonth=November, byear=, group=GroupData [groupname=Marketing, header=null, footer=null], address2=test399559978, phone2=]]]>
              </value>
            </param>
          </params>
          <exception class="java.lang.AssertionError">
            <message>
              <![CDATA[
Expected: <[ContactData [firstname=test1119998441, lastname=test770306503, address=, home=test741084679, mobile=test2090664200, work=test-2146134446, email=test-1273056646, email2=test-897111604, bday=11, bmonth=November, byear=, group=GroupData [groupname=Marketing, header=null, footer=null], address2=test399559978, phone2=], ContactData [firstname=test417384882, lastname=test-789709531, address=null, home=null, mobile=null, work=null, email=null, email2=null, bday=null, bmonth=null, byear=null, group=null, address2=null, phone2=null]]]]><![CDATA[>
     but: was <[ContactData [firstname=test-2047060362, lastname=test1747868456, address=null, home=null, mobile=null, work=null, email=null, email2=null, bday=null, bmonth=null, byear=null, group=null, address2=null, phone2=null], ContactData [firstname=test1119998441, lastname=test770306503, address=null, home=null, mobile=null, work=null, email=null, email2=null, bday=null, bmonth=null, byear=null, group=null, address2=null, phone2=null]]><![CDATA[]]]]><![CDATA[>]]>
            </message>
            <full-stacktrace>
              <![CDATA[java.lang.AssertionError: 
Expected: <[ContactData [firstname=test1119998441, lastname=test770306503, address=, home=test741084679, mobile=test2090664200, work=test-2146134446, email=test-1273056646, email2=test-897111604, bday=11, bmonth=November, byear=, group=GroupData [groupname=Marketing, header=null, footer=null], address2=test399559978, phone2=], ContactData [firstname=test417384882, lastname=test-789709531, address=null, home=null, mobile=null, work=null, email=null, email2=null, bday=null, bmonth=null, byear=null, group=null, address2=null, phone2=null]]]]><![CDATA[>
     but: was <[ContactData [firstname=test-2047060362, lastname=test1747868456, address=null, home=null, mobile=null, work=null, email=null, email2=null, bday=null, bmonth=null, byear=null, group=null, address2=null, phone2=null], ContactData [firstname=test1119998441, lastname=test770306503, address=null, home=null, mobile=null, work=null, email=null, email2=null, bday=null, bmonth=null, byear=null, group=null, address2=null, phone2=null]]]]><![CDATA[>
	at org.hamcrest.MatcherAssert.assertThat(MatcherAssert.java:20)
	at org.junit.Assert.assertThat(Assert.java:956)
	at org.junit.Assert.assertThat(Assert.java:923)
	at com.example.tests.ContactModificationTests.modifySomeContact(ContactModificationTests.java:30)
	at sun.reflect.NativeMethodAccessorImpl.invoke0(Native Method)
	at sun.reflect.NativeMethodAccessorImpl.invoke(Unknown Source)
	at sun.reflect.DelegatingMethodAccessorImpl.invoke(Unknown Source)
	at java.lang.reflect.Method.invoke(Unknown Source)
	at org.testng.internal.MethodInvocationHelper.invokeMethod(MethodInvocationHelper.java:85)
	at org.testng.internal.Invoker.invokeMethod(Invoker.java:639)
	at org.testng.internal.Invoker.invokeTestMethod(Invoker.java:821)
	at org.testng.internal.Invoker.invokeTestMethods(Invoker.java:1131)
	at org.testng.internal.TestMethodWorker.invokeTestMethods(TestMethodWorker.java:124)
	at org.testng.internal.TestMethodWorker.run(TestMethodWorker.java:108)
	at org.testng.TestRunner.privateRun(TestRunner.java:773)
	at org.testng.TestRunner.run(TestRunner.java:623)
	at org.testng.SuiteRunner.runTest(SuiteRunner.java:357)
	at org.testng.SuiteRunner.runSequentially(SuiteRunner.java:352)
	at org.testng.SuiteRunner.privateRun(SuiteRunner.java:310)
	at org.testng.SuiteRunner.run(SuiteRunner.java:259)
	at org.testng.SuiteRunnerWorker.runSuite(SuiteRunnerWorker.java:52)
	at org.testng.SuiteRunnerWorker.run(SuiteRunnerWorker.java:86)
	at org.testng.TestNG.runSuitesSequentially(TestNG.java:1185)
	at org.testng.TestNG.runSuitesLocally(TestNG.java:1110)
	at org.testng.TestNG.run(TestNG.java:1018)
	at org.testng.remote.RemoteTestNG.run(RemoteTestNG.java:111)
	at org.testng.remote.RemoteTestNG.initAndRun(RemoteTestNG.java:204)
	at org.testng.remote.RemoteTestNG.main(RemoteTestNG.java:175)
]]>
            </full-stacktrace>
          </exception> <!-- java.lang.AssertionError -->
          <reporter-output>
          </reporter-output>
        </test-method> <!-- modifySomeContact -->
        <test-method status="PASS" signature="modifySomeContact(com.example.tests.ContactData)[pri:0, instance:com.example.tests.ContactModificationTests@2471cca7]" name="modifySomeContact" duration-ms="32643" started-at="2015-11-05T12:56:10Z" data-provider="randomvalidContactGenerator" finished-at="2015-11-05T12:56:43Z">
          <params>
            <param index="0">
              <value>
                <![CDATA[ContactData [firstname=test-2002035321, lastname=test-1684399325, address=, home=test1140555814, mobile=test289765348, work=, email=, email2=, bday=-, bmonth=March, byear=, group=GroupData [groupname=test1426768387, header=null, footer=null], address2=test-1153248838, phone2=test1086605107]]]>
              </value>
            </param>
          </params>
          <reporter-output>
          </reporter-output>
        </test-method> <!-- modifySomeContact -->
        <test-method status="PASS" signature="tearDown()[pri:0, instance:com.example.tests.ContactModificationTests@2471cca7]" name="tearDown" is-config="true" duration-ms="684" started-at="2015-11-05T12:56:43Z" finished-at="2015-11-05T12:56:44Z">
          <reporter-output>
          </reporter-output>
        </test-method> <!-- tearDown -->
      </class> <!-- com.example.tests.ContactModificationTests -->
    </test> <!-- Default test -->
  </suite> <!-- Default suite -->
</testng-results>
