<html>
<head>
<title>TestNG:  Default test</title>
<link href="../testng.css" rel="stylesheet" type="text/css" />
<link href="../my-testng.css" rel="stylesheet" type="text/css" />

<style type="text/css">
.log { display: none;} 
.stack-trace { display: none;} 
</style>
<script type="text/javascript">
<!--
function flip(e) {
  current = e.style.display;
  if (current == 'block') {
    e.style.display = 'none';
    return 0;
  }
  else {
    e.style.display = 'block';
    return 1;
  }
}

function toggleBox(szDivId, elem, msg1, msg2)
{
  var res = -1;  if (document.getElementById) {
    res = flip(document.getElementById(szDivId));
  }
  else if (document.all) {
    // this is the way old msie versions work
    res = flip(document.all[szDivId]);
  }
  if(elem) {
    if(res == 0) elem.innerHTML = msg1; else elem.innerHTML = msg2;
  }

}

function toggleAllBoxes() {
  if (document.getElementsByTagName) {
    d = document.getElementsByTagName('div');
    for (i = 0; i < d.length; i++) {
      if (d[i].className == 'log') {
        flip(d[i]);
      }
    }
  }
}

// -->
</script>

</head>
<body>
<h2 align='center'>Default test</h2><table border='1' align="center">
<tr>
<td>Tests passed/Failed/Skipped:</td><td>2/1/0</td>
</tr><tr>
<td>Started on:</td><td>Thu Nov 05 12:54:23 MSK 2015</td>
</tr>
<tr><td>Total time:</td><td>141 seconds (141148 ms)</td>
</tr><tr>
<td>Included groups:</td><td></td>
</tr><tr>
<td>Excluded groups:</td><td></td>
</tr>
</table><p/>
<small><i>(Hover the method name to see the test class name)</i></small><p/>
<table width='100%' border='1' class='invocation-failed'>
<tr><td colspan='4' align='center'><b>FAILED TESTS</b></td></tr>
<tr><td><b>Test method</b></td>
<td width="30%"><b>Exception</b></td>
<td width="10%"><b>Time (seconds)</b></td>
<td><b>Instance</b></td>
</tr>
<tr>
<td title='com.example.tests.ContactModificationTests.modifySomeContact()'><b>modifySomeContact</b><br>Test class: com.example.tests.ContactModificationTests<br>Parameters: ContactData [firstname=test1119998441, lastname=test770306503, address=, home=test741084679, mobile=test2090664200, work=test-2146134446, email=test-1273056646, email2=test-897111604, bday=11, bmonth=November, byear=, group=GroupData [groupname=Marketing, header=null, footer=null], address2=test399559978, phone2=]</td>
<td><div><pre>java.lang.AssertionError: 
Expected: &lt;[ContactData [firstname=test1119998441, lastname=test770306503, address=, home=test741084679, mobile=test2090664200, work=test-2146134446, email=test-1273056646, email2=test-897111604, bday=11, bmonth=November, byear=, group=GroupData [groupname=Marketing, header=null, footer=null], address2=test399559978, phone2=], ContactData [firstname=test417384882, lastname=test-789709531, address=null, home=null, mobile=null, work=null, email=null, email2=null, bday=null, bmonth=null, byear=null, group=null, address2=null, phone2=null]]&gt;
     but: was &lt;[ContactData [firstname=test-2047060362, lastname=test1747868456, address=null, home=null, mobile=null, work=null, email=null, email2=null, bday=null, bmonth=null, byear=null, group=null, address2=null, phone2=null], ContactData [firstname=test1119998441, lastname=test770306503, address=null, home=null, mobile=null, work=null, email=null, email2=null, bday=null, bmonth=null, byear=null, group=null, address2=null, phone2=null]]&gt;
	at org.hamcrest.MatcherAssert.assertThat(MatcherAssert.java:20)
	at org.junit.Assert.assertThat(Assert.java:956)
	at org.junit.Assert.assertThat(Assert.java:923)
	at com.example.tests.ContactModificationTests.modifySomeContact(ContactModificationTests.java:30)
	at sun.reflect.NativeMethodAccessorImpl.invoke0(Native Method)
	at sun.reflect.NativeMethodAccessorImpl.invoke(Unknown Source)
	at sun.reflect.DelegatingMethodAccessorImpl.invoke(Unknown Source)
	at java.lang.reflect.Method.invoke(Unknown Source)
	at org.testng.internal.MethodInvocationHelper.invokeMethod(MethodInvocationHelper.java:85)
	at org.testng.internal.Invoker.invokeMethod(Invoker.java:639)
	at org.testng.internal.Invoker.invokeTestMethod(Invoker.java:821)
	at org.testng.internal.Invoker.invokeTestMethods(Invoker.java:1131)
	at org.testng.internal.TestMethodWorker.invokeTestMethods(TestMethodWorker.java:124)
	at org.testng.internal.TestMethodWorker.run(TestMethodWorker.java:108)
	at org.testng.TestRunner.privateRun(TestRunner.java:773)
	at org.testng.TestRunner.run(TestRunner.java:623)
	at org.testng.SuiteRunner.runTest(SuiteRunner.java:357)
	at org.testng.SuiteRunner.runSequentially(SuiteRunner.java:352)
	at org.testng.SuiteRunner.privateRun(SuiteRunner.java:310)
	at org.testng.SuiteRunner.run(SuiteRunner.java:259)
	at org.testng.SuiteRunnerWorker.runSuite(SuiteRunnerWorker.java:52)
	at org.testng.SuiteRunnerWorker.run(SuiteRunnerWorker.java:86)
	at org.testng.TestNG.runSuitesSequentially(TestNG.java:1185)
	at org.testng.TestNG.runSuitesLocally(TestNG.java:1110)
	at org.testng.TestNG.run(TestNG.java:1018)
	at org.testng.remote.RemoteTestNG.run(RemoteTestNG.java:111)
	at org.testng.remote.RemoteTestNG.initAndRun(RemoteTestNG.java:204)
	at org.testng.remote.RemoteTestNG.main(RemoteTestNG.java:175)
</pre></div><a href='#' onClick='toggleBox("stack-trace787122337", this, "Click to show all stack frames", "Click to hide stack frames")'>Click to show all stack frames</a>
<div class='stack-trace' id='stack-trace787122337'><pre>java.lang.AssertionError: 
Expected: &lt;[ContactData [firstname=test1119998441, lastname=test770306503, address=, home=test741084679, mobile=test2090664200, work=test-2146134446, email=test-1273056646, email2=test-897111604, bday=11, bmonth=November, byear=, group=GroupData [groupname=Marketing, header=null, footer=null], address2=test399559978, phone2=], ContactData [firstname=test417384882, lastname=test-789709531, address=null, home=null, mobile=null, work=null, email=null, email2=null, bday=null, bmonth=null, byear=null, group=null, address2=null, phone2=null]]&gt;
     but: was &lt;[ContactData [firstname=test-2047060362, lastname=test1747868456, address=null, home=null, mobile=null, work=null, email=null, email2=null, bday=null, bmonth=null, byear=null, group=null, address2=null, phone2=null], ContactData [firstname=test1119998441, lastname=test770306503, address=null, home=null, mobile=null, work=null, email=null, email2=null, bday=null, bmonth=null, byear=null, group=null, address2=null, phone2=null]]&gt;
	at org.hamcrest.MatcherAssert.assertThat(MatcherAssert.java:20)
	at org.junit.Assert.assertThat(Assert.java:956)
	at org.junit.Assert.assertThat(Assert.java:923)
	at com.example.tests.ContactModificationTests.modifySomeContact(ContactModificationTests.java:30)
	at sun.reflect.NativeMethodAccessorImpl.invoke0(Native Method)
	at sun.reflect.NativeMethodAccessorImpl.invoke(Unknown Source)
	at sun.reflect.DelegatingMethodAccessorImpl.invoke(Unknown Source)
	at java.lang.reflect.Method.invoke(Unknown Source)
	at org.testng.internal.MethodInvocationHelper.invokeMethod(MethodInvocationHelper.java:85)
	at org.testng.internal.Invoker.invokeMethod(Invoker.java:639)
	at org.testng.internal.Invoker.invokeTestMethod(Invoker.java:821)
	at org.testng.internal.Invoker.invokeTestMethods(Invoker.java:1131)
	at org.testng.internal.TestMethodWorker.invokeTestMethods(TestMethodWorker.java:124)
	at org.testng.internal.TestMethodWorker.run(TestMethodWorker.java:108)
	at org.testng.TestRunner.privateRun(TestRunner.java:773)
	at org.testng.TestRunner.run(TestRunner.java:623)
	at org.testng.SuiteRunner.runTest(SuiteRunner.java:357)
	at org.testng.SuiteRunner.runSequentially(SuiteRunner.java:352)
	at org.testng.SuiteRunner.privateRun(SuiteRunner.java:310)
	at org.testng.SuiteRunner.run(SuiteRunner.java:259)
	at org.testng.SuiteRunnerWorker.runSuite(SuiteRunnerWorker.java:52)
	at org.testng.SuiteRunnerWorker.run(SuiteRunnerWorker.java:86)
	at org.testng.TestNG.runSuitesSequentially(TestNG.java:1185)
	at org.testng.TestNG.runSuitesLocally(TestNG.java:1110)
	at org.testng.TestNG.run(TestNG.java:1018)
	at org.testng.remote.RemoteTestNG.run(RemoteTestNG.java:111)
	at org.testng.remote.RemoteTestNG.initAndRun(RemoteTestNG.java:204)
	at org.testng.remote.RemoteTestNG.main(RemoteTestNG.java:175)
</pre></div></td>
<td>32</td>
<td>com.example.tests.ContactModificationTests@2471cca7</td></tr>
</table><p>
<table width='100%' border='1' class='invocation-passed'>
<tr><td colspan='4' align='center'><b>PASSED TESTS</b></td></tr>
<tr><td><b>Test method</b></td>
<td width="30%"><b>Exception</b></td>
<td width="10%"><b>Time (seconds)</b></td>
<td><b>Instance</b></td>
</tr>
<tr>
<td title='com.example.tests.ContactModificationTests.modifySomeContact()'><b>modifySomeContact</b><br>Test class: com.example.tests.ContactModificationTests<br>Parameters: ContactData [firstname=test-2047060362, lastname=test1747868456, address=, home=test202054427, mobile=test1015280408, work=test953775355, email=, email2=, bday=-, bmonth=July, byear=1612, group=GroupData [groupname=Marketing, header=null, footer=null], address2=, phone2=test-75582797]</td>
<td></td>
<td>63</td>
<td>com.example.tests.ContactModificationTests@2471cca7</td></tr>
<tr>
<td title='com.example.tests.ContactModificationTests.modifySomeContact()'><b>modifySomeContact</b><br>Test class: com.example.tests.ContactModificationTests<br>Parameters: ContactData [firstname=test-2002035321, lastname=test-1684399325, address=, home=test1140555814, mobile=test289765348, work=, email=, email2=, bday=-, bmonth=March, byear=, group=GroupData [groupname=test1426768387, header=null, footer=null], address2=test-1153248838, phone2=test1086605107]</td>
<td></td>
<td>32</td>
<td>com.example.tests.ContactModificationTests@2471cca7</td></tr>
</table><p>
</body>
</html>