<?xml version="1.0" encoding="UTF-8"?>
<!-- Generated by org.testng.reporters.JUnitXMLReporter -->
<testsuite hostname="DESKTOP-IUVV739" name="Default test" tests="3" failures="1" timestamp="5 Nov 2015 09:56:44 GMT" time="141.148" errors="0">
  <testcase name="modifySomeContact" time="63.556" classname="com.example.tests.ContactModificationTests"/>
  <testcase name="modifySomeContact" time="32.866" classname="com.example.tests.ContactModificationTests">
    <failure type="java.lang.AssertionError" message="
Expected: &amp;lt;[ContactData [firstname=test1119998441, lastname=test770306503, address=, home=test741084679, mobile=test2090664200, work=test-2146134446, email=test-1273056646, email2=test-897111604, bday=11, bmonth=November, byear=, group=GroupData [groupname=Marketing, header=null, footer=null], address2=test399559978, phone2=], ContactData [firstname=test417384882, lastname=test-789709531, address=null, home=null, mobile=null, work=null, email=null, email2=null, bday=null, bmonth=null, byear=null, group=null, address2=null, phone2=null]]&amp;gt;
     but: was &amp;lt;[ContactData [firstname=test-2047060362, lastname=test1747868456, address=null, home=null, mobile=null, work=null, email=null, email2=null, bday=null, bmonth=null, byear=null, group=null, address2=null, phone2=null], ContactData [firstname=test1119998441, lastname=test770306503, address=null, home=null, mobile=null, work=null, email=null, email2=null, bday=null, bmonth=null, byear=null, group=null, address2=null, phone2=null]]&amp;gt;">
      <![CDATA[java.lang.AssertionError: 
Expected: <[ContactData [firstname=test1119998441, lastname=test770306503, address=, home=test741084679, mobile=test2090664200, work=test-2146134446, email=test-1273056646, email2=test-897111604, bday=11, bmonth=November, byear=, group=GroupData [groupname=Marketing, header=null, footer=null], address2=test399559978, phone2=], ContactData [firstname=test417384882, lastname=test-789709531, address=null, home=null, mobile=null, work=null, email=null, email2=null, bday=null, bmonth=null, byear=null, group=null, address2=null, phone2=null]]]]><![CDATA[>
     but: was <[ContactData [firstname=test-2047060362, lastname=test1747868456, address=null, home=null, mobile=null, work=null, email=null, email2=null, bday=null, bmonth=null, byear=null, group=null, address2=null, phone2=null], ContactData [firstname=test1119998441, lastname=test770306503, address=null, home=null, mobile=null, work=null, email=null, email2=null, bday=null, bmonth=null, byear=null, group=null, address2=null, phone2=null]]]]><![CDATA[>
	at org.hamcrest.MatcherAssert.assertThat(MatcherAssert.java:20)
	at org.junit.Assert.assertThat(Assert.java:956)
	at org.junit.Assert.assertThat(Assert.java:923)
	at com.example.tests.ContactModificationTests.modifySomeContact(ContactModificationTests.java:30)
	at sun.reflect.NativeMethodAccessorImpl.invoke0(Native Method)
	at sun.reflect.NativeMethodAccessorImpl.invoke(Unknown Source)
	at sun.reflect.DelegatingMethodAccessorImpl.invoke(Unknown Source)
	at java.lang.reflect.Method.invoke(Unknown Source)
	at org.testng.internal.MethodInvocationHelper.invokeMethod(MethodInvocationHelper.java:85)
	at org.testng.internal.Invoker.invokeMethod(Invoker.java:639)
	at org.testng.internal.Invoker.invokeTestMethod(Invoker.java:821)
	at org.testng.internal.Invoker.invokeTestMethods(Invoker.java:1131)
	at org.testng.internal.TestMethodWorker.invokeTestMethods(TestMethodWorker.java:124)
	at org.testng.internal.TestMethodWorker.run(TestMethodWorker.java:108)
	at org.testng.TestRunner.privateRun(TestRunner.java:773)
	at org.testng.TestRunner.run(TestRunner.java:623)
	at org.testng.SuiteRunner.runTest(SuiteRunner.java:357)
	at org.testng.SuiteRunner.runSequentially(SuiteRunner.java:352)
	at org.testng.SuiteRunner.privateRun(SuiteRunner.java:310)
	at org.testng.SuiteRunner.run(SuiteRunner.java:259)
	at org.testng.SuiteRunnerWorker.runSuite(SuiteRunnerWorker.java:52)
	at org.testng.SuiteRunnerWorker.run(SuiteRunnerWorker.java:86)
	at org.testng.TestNG.runSuitesSequentially(TestNG.java:1185)
	at org.testng.TestNG.runSuitesLocally(TestNG.java:1110)
	at org.testng.TestNG.run(TestNG.java:1018)
	at org.testng.remote.RemoteTestNG.run(RemoteTestNG.java:111)
	at org.testng.remote.RemoteTestNG.initAndRun(RemoteTestNG.java:204)
	at org.testng.remote.RemoteTestNG.main(RemoteTestNG.java:175)
]]>
    </failure>
  </testcase> <!-- modifySomeContact -->
  <testcase name="modifySomeContact" time="32.643" classname="com.example.tests.ContactModificationTests"/>
</testsuite> <!-- Default test -->
