!SESSION 2015-11-12 13:27:30.505 -----------------------------------------------
eclipse.buildId=4.5.1.M20150904-0015
java.version=1.8.0_60
java.vendor=Oracle Corporation
BootLoader constants: OS=win32, ARCH=x86_64, WS=win32, NL=ru_RU
Framework arguments:  -product org.eclipse.epp.package.java.product
Command-line arguments:  -os win32 -ws win32 -arch x86_64 -product org.eclipse.epp.package.java.product

This is a continuation of log file C:\Users\bushma\Desktop\git\develop_for_test\.metadata\.bak_0.log
Created Time: 2015-11-12 14:24:38.366

!ENTRY org.testng.eclipse 1 0 2015-11-12 14:24:38.369
!MESSAGE [TestNGLaunchShortcut] Examining Java element:[Working copy] ContactCreationTests.java [in com.example.tests [in src [in addressbook-selenium-test]]]
  package com.example.tests
  import org.junit.Assert.assertThat
  import java.io.File
  import java.io.IOException
  import java.util.Collections
  import java.util.Iterator
  import com.example.tests.ContactDataGenerator.loadContactsFromXmlFile
  import org.hamcrest.Matchers.*
  import org.testng.annotations.DataProvider
  import org.testng.annotations.Test
  import com.example.utils.ListOf
  class ContactCreationTests
    Iterator<Object[]> groupsFromFile()
    void testContactCreationWithValidData(ContactData)

!ENTRY org.testng.eclipse 1 0 2015-11-12 14:24:38.731
!MESSAGE [TestNGLaunchConfigurationDelegate] Launching:
  Classpath: C:\Users\bushma\Desktop\git\develop_for_test\addressbook-selenium-test\bin C:\Users\bushma\Downloads\selenium-server-standalone-2.48.2.jar C:\Users\bushma\Downloads\xstream-distribution-1.4.8-bin\xstream-1.4.8\lib\xstream-1.4.8.jar C:\Users\bushma\Downloads\xstream-distribution-1.4.8-bin\xstream-1.4.8\lib\xstream\xmlpull-1.1.3.1.jar C:\Users\bushma\Downloads\xstream-distribution-1.4.8-bin\xstream-1.4.8\lib\xstream\xpp3_min-1.1.4c.jar
  VMArgs:    -ea
  Class:     org.testng.remote.RemoteTestNG
  Args:      -serport 49942 -d C:\Users\bushma\Desktop\git\develop_for_test\addressbook-selenium-test\test-output C:\Users\bushma\AppData\Local\Temp\testng-eclipse--56298391\testng-customsuite.xml
java -ea -classpath C:\Users\bushma\Desktop\git\develop_for_test\addressbook-selenium-test\bin:C:\Users\bushma\Downloads\selenium-server-standalone-2.48.2.jar:C:\Users\bushma\Downloads\xstream-distribution-1.4.8-bin\xstream-1.4.8\lib\xstream-1.4.8.jar:C:\Users\bushma\Downloads\xstream-distribution-1.4.8-bin\xstream-1.4.8\lib\xstream\xmlpull-1.1.3.1.jar:C:\Users\bushma\Downloads\xstream-distribution-1.4.8-bin\xstream-1.4.8\lib\xstream\xpp3_min-1.1.4c.jar org.testng.remote.RemoteTestNG -serport 49942 -d C:\Users\bushma\Desktop\git\develop_for_test\addressbook-selenium-test\test-output C:\Users\bushma\AppData\Local\Temp\testng-eclipse--56298391\testng-customsuite.xml

!ENTRY org.testng.eclipse 1 0 2015-11-12 14:25:05.765
!MESSAGE [TestNGLaunchShortcut] Examining Java element:[Working copy] ContactCreationTests.java [in com.example.tests [in src [in addressbook-selenium-test]]]
  package com.example.tests
  import org.junit.Assert.assertThat
  import java.io.File
  import java.io.IOException
  import java.util.Collections
  import java.util.Iterator
  import com.example.tests.ContactDataGenerator.loadContactsFromXmlFile
  import org.hamcrest.Matchers.*
  import org.testng.annotations.DataProvider
  import org.testng.annotations.Test
  import com.example.utils.ListOf
  class ContactCreationTests
    Iterator<Object[]> contactsFromFile()
    void testContactCreationWithValidData(ContactData)

!ENTRY org.testng.eclipse 1 0 2015-11-12 14:25:05.960
!MESSAGE [TestNGLaunchConfigurationDelegate] Launching:
  Classpath: C:\Users\bushma\Desktop\git\develop_for_test\addressbook-selenium-test\bin C:\Users\bushma\Downloads\selenium-server-standalone-2.48.2.jar C:\Users\bushma\Downloads\xstream-distribution-1.4.8-bin\xstream-1.4.8\lib\xstream-1.4.8.jar C:\Users\bushma\Downloads\xstream-distribution-1.4.8-bin\xstream-1.4.8\lib\xstream\xmlpull-1.1.3.1.jar C:\Users\bushma\Downloads\xstream-distribution-1.4.8-bin\xstream-1.4.8\lib\xstream\xpp3_min-1.1.4c.jar
  VMArgs:    -ea
  Class:     org.testng.remote.RemoteTestNG
  Args:      -serport 49989 -d C:\Users\bushma\Desktop\git\develop_for_test\addressbook-selenium-test\test-output C:\Users\bushma\AppData\Local\Temp\testng-eclipse--1787436934\testng-customsuite.xml
java -ea -classpath C:\Users\bushma\Desktop\git\develop_for_test\addressbook-selenium-test\bin:C:\Users\bushma\Downloads\selenium-server-standalone-2.48.2.jar:C:\Users\bushma\Downloads\xstream-distribution-1.4.8-bin\xstream-1.4.8\lib\xstream-1.4.8.jar:C:\Users\bushma\Downloads\xstream-distribution-1.4.8-bin\xstream-1.4.8\lib\xstream\xmlpull-1.1.3.1.jar:C:\Users\bushma\Downloads\xstream-distribution-1.4.8-bin\xstream-1.4.8\lib\xstream\xpp3_min-1.1.4c.jar org.testng.remote.RemoteTestNG -serport 49989 -d C:\Users\bushma\Desktop\git\develop_for_test\addressbook-selenium-test\test-output C:\Users\bushma\AppData\Local\Temp\testng-eclipse--1787436934\testng-customsuite.xml

!ENTRY org.testng.eclipse 1 0 2015-11-12 14:26:46.409
!MESSAGE [TestNGLaunchShortcut] Examining Java element:[Working copy] ContactCreationTests.java [in com.example.tests [in src [in addressbook-selenium-test]]]
  package com.example.tests
  import org.junit.Assert.assertThat
  import java.io.File
  import java.io.IOException
  import java.util.Collections
  import java.util.Iterator
  import com.example.tests.ContactDataGenerator.loadContactsFromXmlFile
  import org.hamcrest.Matchers.*
  import org.testng.annotations.DataProvider
  import org.testng.annotations.Test
  import com.example.utils.ListOf
  class ContactCreationTests
    Iterator<Object[]> contactsFromFile()
    void testContactCreationWithValidData(ContactData)

!ENTRY org.testng.eclipse 1 0 2015-11-12 14:26:46.603
!MESSAGE [TestNGLaunchConfigurationDelegate] Launching:
  Classpath: C:\Users\bushma\Desktop\git\develop_for_test\addressbook-selenium-test\bin C:\Users\bushma\Downloads\selenium-server-standalone-2.48.2.jar C:\Users\bushma\Downloads\xstream-distribution-1.4.8-bin\xstream-1.4.8\lib\xstream-1.4.8.jar C:\Users\bushma\Downloads\xstream-distribution-1.4.8-bin\xstream-1.4.8\lib\xstream\xmlpull-1.1.3.1.jar C:\Users\bushma\Downloads\xstream-distribution-1.4.8-bin\xstream-1.4.8\lib\xstream\xpp3_min-1.1.4c.jar
  VMArgs:    -ea
  Class:     org.testng.remote.RemoteTestNG
  Args:      -serport 50491 -d C:\Users\bushma\Desktop\git\develop_for_test\addressbook-selenium-test\test-output C:\Users\bushma\AppData\Local\Temp\testng-eclipse-1096625497\testng-customsuite.xml
java -ea -classpath C:\Users\bushma\Desktop\git\develop_for_test\addressbook-selenium-test\bin:C:\Users\bushma\Downloads\selenium-server-standalone-2.48.2.jar:C:\Users\bushma\Downloads\xstream-distribution-1.4.8-bin\xstream-1.4.8\lib\xstream-1.4.8.jar:C:\Users\bushma\Downloads\xstream-distribution-1.4.8-bin\xstream-1.4.8\lib\xstream\xmlpull-1.1.3.1.jar:C:\Users\bushma\Downloads\xstream-distribution-1.4.8-bin\xstream-1.4.8\lib\xstream\xpp3_min-1.1.4c.jar org.testng.remote.RemoteTestNG -serport 50491 -d C:\Users\bushma\Desktop\git\develop_for_test\addressbook-selenium-test\test-output C:\Users\bushma\AppData\Local\Temp\testng-eclipse-1096625497\testng-customsuite.xml

!ENTRY org.testng.eclipse 1 0 2015-11-12 15:00:24.316
!MESSAGE [TestNGLaunchShortcut] Examining Java element:[Working copy] ContactCreationTests.java [in com.example.tests [in src [in addressbook-selenium-test]]]
  package com.example.tests
  import com.example.tests.ContactDataGenerator.loadContactsFromCsvFile
  import com.example.tests.ContactDataGenerator.loadContactsFromXmlFile
  import org.hamcrest.Matchers.equalTo
  import org.junit.Assert.assertThat
  import java.io.File
  import java.io.IOException
  import java.util.Collections
  import java.util.Iterator
  import org.testng.annotations.DataProvider
  import org.testng.annotations.Test
  import com.example.utils.ListOf
  class ContactCreationTests
    Iterator<Object[]> contactsFromFile()
    void testContactCreationWithValidData(ContactData)

!ENTRY org.testng.eclipse 1 0 2015-11-12 15:00:24.402
!MESSAGE [TestNGLaunchConfigurationDelegate] Launching:
  Classpath: C:\Users\bushma\Desktop\git\develop_for_test\addressbook-selenium-test\bin C:\Users\bushma\Downloads\selenium-server-standalone-2.48.2.jar C:\Users\bushma\Downloads\xstream-distribution-1.4.8-bin\xstream-1.4.8\lib\xstream-1.4.8.jar C:\Users\bushma\Downloads\xstream-distribution-1.4.8-bin\xstream-1.4.8\lib\xstream\xmlpull-1.1.3.1.jar C:\Users\bushma\Downloads\xstream-distribution-1.4.8-bin\xstream-1.4.8\lib\xstream\xpp3_min-1.1.4c.jar
  VMArgs:    -ea
  Class:     org.testng.remote.RemoteTestNG
  Args:      -serport 54407 -d C:\Users\bushma\Desktop\git\develop_for_test\addressbook-selenium-test\test-output C:\Users\bushma\AppData\Local\Temp\testng-eclipse-2104916614\testng-customsuite.xml
java -ea -classpath C:\Users\bushma\Desktop\git\develop_for_test\addressbook-selenium-test\bin:C:\Users\bushma\Downloads\selenium-server-standalone-2.48.2.jar:C:\Users\bushma\Downloads\xstream-distribution-1.4.8-bin\xstream-1.4.8\lib\xstream-1.4.8.jar:C:\Users\bushma\Downloads\xstream-distribution-1.4.8-bin\xstream-1.4.8\lib\xstream\xmlpull-1.1.3.1.jar:C:\Users\bushma\Downloads\xstream-distribution-1.4.8-bin\xstream-1.4.8\lib\xstream\xpp3_min-1.1.4c.jar org.testng.remote.RemoteTestNG -serport 54407 -d C:\Users\bushma\Desktop\git\develop_for_test\addressbook-selenium-test\test-output C:\Users\bushma\AppData\Local\Temp\testng-eclipse-2104916614\testng-customsuite.xml

!ENTRY org.testng.eclipse 1 0 2015-11-12 15:05:11.272
!MESSAGE [TestNGLaunchConfigurationDelegate] Launching:
  Classpath: C:\Users\bushma\Desktop\git\develop_for_test\addressbook-selenium-test\bin C:\Users\bushma\Downloads\selenium-server-standalone-2.48.2.jar C:\Users\bushma\Downloads\xstream-distribution-1.4.8-bin\xstream-1.4.8\lib\xstream-1.4.8.jar C:\Users\bushma\Downloads\xstream-distribution-1.4.8-bin\xstream-1.4.8\lib\xstream\xmlpull-1.1.3.1.jar C:\Users\bushma\Downloads\xstream-distribution-1.4.8-bin\xstream-1.4.8\lib\xstream\xpp3_min-1.1.4c.jar
  VMArgs:    -ea
  Class:     org.testng.remote.RemoteTestNG
  Args:      -serport 54602 -d C:\Users\bushma\Desktop\git\develop_for_test\addressbook-selenium-test\test-output C:\Users\bushma\AppData\Local\Temp\testng-eclipse--794552741\testng-customsuite.xml
java -ea -classpath C:\Users\bushma\Desktop\git\develop_for_test\addressbook-selenium-test\bin:C:\Users\bushma\Downloads\selenium-server-standalone-2.48.2.jar:C:\Users\bushma\Downloads\xstream-distribution-1.4.8-bin\xstream-1.4.8\lib\xstream-1.4.8.jar:C:\Users\bushma\Downloads\xstream-distribution-1.4.8-bin\xstream-1.4.8\lib\xstream\xmlpull-1.1.3.1.jar:C:\Users\bushma\Downloads\xstream-distribution-1.4.8-bin\xstream-1.4.8\lib\xstream\xpp3_min-1.1.4c.jar org.testng.remote.RemoteTestNG -serport 54602 -d C:\Users\bushma\Desktop\git\develop_for_test\addressbook-selenium-test\test-output C:\Users\bushma\AppData\Local\Temp\testng-eclipse--794552741\testng-customsuite.xml

!ENTRY org.eclipse.ltk.ui.refactoring 4 10000 2015-11-12 15:20:06.936
!MESSAGE Internal Error
!STACK 1
Java Model Exception: Core Exception [code 273] Problems encountered while deleting resources.
	at org.eclipse.jdt.internal.core.BatchOperation.executeOperation(BatchOperation.java:50)
	at org.eclipse.jdt.internal.core.JavaModelOperation.run(JavaModelOperation.java:729)
	at org.eclipse.core.internal.resources.Workspace.run(Workspace.java:2241)
	at org.eclipse.jdt.core.JavaCore.run(JavaCore.java:5409)
	at org.eclipse.jdt.internal.corext.refactoring.changes.DynamicValidationStateChange.perform(DynamicValidationStateChange.java:116)
	at org.eclipse.ltk.core.refactoring.CompositeChange.perform(CompositeChange.java:278)
	at org.eclipse.jdt.internal.corext.refactoring.changes.DynamicValidationStateChange.access$0(DynamicValidationStateChange.java:1)
	at org.eclipse.jdt.internal.corext.refactoring.changes.DynamicValidationStateChange$1.run(DynamicValidationStateChange.java:113)
	at org.eclipse.jdt.internal.core.BatchOperation.executeOperation(BatchOperation.java:39)
	at org.eclipse.jdt.internal.core.JavaModelOperation.run(JavaModelOperation.java:729)
	at org.eclipse.core.internal.resources.Workspace.run(Workspace.java:2241)
	at org.eclipse.jdt.core.JavaCore.run(JavaCore.java:5409)
	at org.eclipse.jdt.internal.corext.refactoring.changes.DynamicValidationStateChange.perform(DynamicValidationStateChange.java:116)
	at org.eclipse.ltk.core.refactoring.CompositeChange.perform(CompositeChange.java:278)
	at org.eclipse.ltk.core.refactoring.PerformChangeOperation$1.run(PerformChangeOperation.java:258)
	at org.eclipse.core.internal.resources.Workspace.run(Workspace.java:2241)
	at org.eclipse.ltk.core.refactoring.PerformChangeOperation.executeChange(PerformChangeOperation.java:306)
	at org.eclipse.ltk.internal.ui.refactoring.UIPerformChangeOperation.executeChange(UIPerformChangeOperation.java:92)
	at org.eclipse.ltk.core.refactoring.PerformChangeOperation.run(PerformChangeOperation.java:218)
	at org.eclipse.core.internal.resources.Workspace.run(Workspace.java:2241)
	at org.eclipse.ltk.internal.ui.refactoring.WorkbenchRunnableAdapter.run(WorkbenchRunnableAdapter.java:87)
	at org.eclipse.jface.operation.ModalContext$ModalContextThread.run(ModalContext.java:119)
Contains: Could not delete 'C:\Users\bushma\Desktop\git\develop_for_test\addressbook-selenium-test\contacts.txt'.
org.eclipse.core.runtime.CoreException: Problems encountered while deleting files.
	at org.eclipse.core.internal.filesystem.local.LocalFile.delete(LocalFile.java:135)
	at org.eclipse.core.internal.resources.ResourceTree.internalDeleteFile(ResourceTree.java:310)
	at org.eclipse.core.internal.resources.ResourceTree.standardDeleteFile(ResourceTree.java:796)
	at org.eclipse.core.internal.resources.Resource.unprotectedDelete(Resource.java:1827)
	at org.eclipse.core.internal.resources.Resource.delete(Resource.java:781)
	at org.eclipse.ltk.core.refactoring.resource.DeleteResourceChange.perform(DeleteResourceChange.java:168)
	at org.eclipse.ltk.core.refactoring.CompositeChange.perform(CompositeChange.java:278)
	at org.eclipse.jdt.internal.corext.refactoring.changes.DynamicValidationStateChange.access$0(DynamicValidationStateChange.java:1)
	at org.eclipse.jdt.internal.corext.refactoring.changes.DynamicValidationStateChange$1.run(DynamicValidationStateChange.java:113)
	at org.eclipse.jdt.internal.core.BatchOperation.executeOperation(BatchOperation.java:39)
	at org.eclipse.jdt.internal.core.JavaModelOperation.run(JavaModelOperation.java:729)
	at org.eclipse.core.internal.resources.Workspace.run(Workspace.java:2241)
	at org.eclipse.jdt.core.JavaCore.run(JavaCore.java:5409)
	at org.eclipse.jdt.internal.corext.refactoring.changes.DynamicValidationStateChange.perform(DynamicValidationStateChange.java:116)
	at org.eclipse.ltk.core.refactoring.CompositeChange.perform(CompositeChange.java:278)
	at org.eclipse.jdt.internal.corext.refactoring.changes.DynamicValidationStateChange.access$0(DynamicValidationStateChange.java:1)
	at org.eclipse.jdt.internal.corext.refactoring.changes.DynamicValidationStateChange$1.run(DynamicValidationStateChange.java:113)
	at org.eclipse.jdt.internal.core.BatchOperation.executeOperation(BatchOperation.java:39)
	at org.eclipse.jdt.internal.core.JavaModelOperation.run(JavaModelOperation.java:729)
	at org.eclipse.core.internal.resources.Workspace.run(Workspace.java:2241)
	at org.eclipse.jdt.core.JavaCore.run(JavaCore.java:5409)
	at org.eclipse.jdt.internal.corext.refactoring.changes.DynamicValidationStateChange.perform(DynamicValidationStateChange.java:116)
	at org.eclipse.ltk.core.refactoring.CompositeChange.perform(CompositeChange.java:278)
	at org.eclipse.ltk.core.refactoring.PerformChangeOperation$1.run(PerformChangeOperation.java:258)
	at org.eclipse.core.internal.resources.Workspace.run(Workspace.java:2241)
	at org.eclipse.ltk.core.refactoring.PerformChangeOperation.executeChange(PerformChangeOperation.java:306)
	at org.eclipse.ltk.internal.ui.refactoring.UIPerformChangeOperation.executeChange(UIPerformChangeOperation.java:92)
	at org.eclipse.ltk.core.refactoring.PerformChangeOperation.run(PerformChangeOperation.java:218)
	at org.eclipse.core.internal.resources.Workspace.run(Workspace.java:2241)
	at org.eclipse.ltk.internal.ui.refactoring.WorkbenchRunnableAdapter.run(WorkbenchRunnableAdapter.java:87)
	at org.eclipse.jface.operation.ModalContext$ModalContextThread.run(ModalContext.java:119)
Contains: Could not delete: C:\Users\bushma\Desktop\git\develop_for_test\addressbook-selenium-test\contacts.txt.
Caused by: org.eclipse.core.internal.resources.ResourceException: Problems encountered while deleting resources.
	at org.eclipse.core.internal.resources.Resource.delete(Resource.java:794)
	at org.eclipse.ltk.core.refactoring.resource.DeleteResourceChange.perform(DeleteResourceChange.java:168)
	at org.eclipse.ltk.core.refactoring.CompositeChange.perform(CompositeChange.java:278)
	at org.eclipse.jdt.internal.corext.refactoring.changes.DynamicValidationStateChange.access$0(DynamicValidationStateChange.java:1)
	at org.eclipse.jdt.internal.corext.refactoring.changes.DynamicValidationStateChange$1.run(DynamicValidationStateChange.java:113)
	at org.eclipse.jdt.internal.core.BatchOperation.executeOperation(BatchOperation.java:39)
	at org.eclipse.jdt.internal.core.JavaModelOperation.run(JavaModelOperation.java:729)
	at org.eclipse.core.internal.resources.Workspace.run(Workspace.java:2241)
	at org.eclipse.jdt.core.JavaCore.run(JavaCore.java:5409)
	at org.eclipse.jdt.internal.corext.refactoring.changes.DynamicValidationStateChange.perform(DynamicValidationStateChange.java:116)
	at org.eclipse.ltk.core.refactoring.CompositeChange.perform(CompositeChange.java:278)
	at org.eclipse.jdt.internal.corext.refactoring.changes.DynamicValidationStateChange.access$0(DynamicValidationStateChange.java:1)
	at org.eclipse.jdt.internal.corext.refactoring.changes.DynamicValidationStateChange$1.run(DynamicValidationStateChange.java:113)
	at org.eclipse.jdt.internal.core.BatchOperation.executeOperation(BatchOperation.java:39)
	at org.eclipse.jdt.internal.core.JavaModelOperation.run(JavaModelOperation.java:729)
	at org.eclipse.core.internal.resources.Workspace.run(Workspace.java:2241)
	at org.eclipse.jdt.core.JavaCore.run(JavaCore.java:5409)
	at org.eclipse.jdt.internal.corext.refactoring.changes.DynamicValidationStateChange.perform(DynamicValidationStateChange.java:116)
	at org.eclipse.ltk.core.refactoring.CompositeChange.perform(CompositeChange.java:278)
	at org.eclipse.ltk.core.refactoring.PerformChangeOperation$1.run(PerformChangeOperation.java:258)
	at org.eclipse.core.internal.resources.Workspace.run(Workspace.java:2241)
	at org.eclipse.ltk.core.refactoring.PerformChangeOperation.executeChange(PerformChangeOperation.java:306)
	at org.eclipse.ltk.internal.ui.refactoring.UIPerformChangeOperation.executeChange(UIPerformChangeOperation.java:92)
	at org.eclipse.ltk.core.refactoring.PerformChangeOperation.run(PerformChangeOperation.java:218)
	at org.eclipse.core.internal.resources.Workspace.run(Workspace.java:2241)
	at org.eclipse.ltk.internal.ui.refactoring.WorkbenchRunnableAdapter.run(WorkbenchRunnableAdapter.java:87)
	at org.eclipse.jface.operation.ModalContext$ModalContextThread.run(ModalContext.java:119)
Contains: Could not delete 'C:\Users\bushma\Desktop\git\develop_for_test\addressbook-selenium-test\contacts.txt'.
org.eclipse.core.runtime.CoreException: Problems encountered while deleting files.
	at org.eclipse.core.internal.filesystem.local.LocalFile.delete(LocalFile.java:135)
	at org.eclipse.core.internal.resources.ResourceTree.internalDeleteFile(ResourceTree.java:310)
	at org.eclipse.core.internal.resources.ResourceTree.standardDeleteFile(ResourceTree.java:796)
	at org.eclipse.core.internal.resources.Resource.unprotectedDelete(Resource.java:1827)
	at org.eclipse.core.internal.resources.Resource.delete(Resource.java:781)
	at org.eclipse.ltk.core.refactoring.resource.DeleteResourceChange.perform(DeleteResourceChange.java:168)
	at org.eclipse.ltk.core.refactoring.CompositeChange.perform(CompositeChange.java:278)
	at org.eclipse.jdt.internal.corext.refactoring.changes.DynamicValidationStateChange.access$0(DynamicValidationStateChange.java:1)
	at org.eclipse.jdt.internal.corext.refactoring.changes.DynamicValidationStateChange$1.run(DynamicValidationStateChange.java:113)
	at org.eclipse.jdt.internal.core.BatchOperation.executeOperation(BatchOperation.java:39)
	at org.eclipse.jdt.internal.core.JavaModelOperation.run(JavaModelOperation.java:729)
	at org.eclipse.core.internal.resources.Workspace.run(Workspace.java:2241)
	at org.eclipse.jdt.core.JavaCore.run(JavaCore.java:5409)
	at org.eclipse.jdt.internal.corext.refactoring.changes.DynamicValidationStateChange.perform(DynamicValidationStateChange.java:116)
	at org.eclipse.ltk.core.refactoring.CompositeChange.perform(CompositeChange.java:278)
	at org.eclipse.jdt.internal.corext.refactoring.changes.DynamicValidationStateChange.access$0(DynamicValidationStateChange.java:1)
	at org.eclipse.jdt.internal.corext.refactoring.changes.DynamicValidationStateChange$1.run(DynamicValidationStateChange.java:113)
	at org.eclipse.jdt.internal.core.BatchOperation.executeOperation(BatchOperation.java:39)
	at org.eclipse.jdt.internal.core.JavaModelOperation.run(JavaModelOperation.java:729)
	at org.eclipse.core.internal.resources.Workspace.run(Workspace.java:2241)
	at org.eclipse.jdt.core.JavaCore.run(JavaCore.java:5409)
	at org.eclipse.jdt.internal.corext.refactoring.changes.DynamicValidationStateChange.perform(DynamicValidationStateChange.java:116)
	at org.eclipse.ltk.core.refactoring.CompositeChange.perform(CompositeChange.java:278)
	at org.eclipse.ltk.core.refactoring.PerformChangeOperation$1.run(PerformChangeOperation.java:258)
	at org.eclipse.core.internal.resources.Workspace.run(Workspace.java:2241)
	at org.eclipse.ltk.core.refactoring.PerformChangeOperation.executeChange(PerformChangeOperation.java:306)
	at org.eclipse.ltk.internal.ui.refactoring.UIPerformChangeOperation.executeChange(UIPerformChangeOperation.java:92)
	at org.eclipse.ltk.core.refactoring.PerformChangeOperation.run(PerformChangeOperation.java:218)
	at org.eclipse.core.internal.resources.Workspace.run(Workspace.java:2241)
	at org.eclipse.ltk.internal.ui.refactoring.WorkbenchRunnableAdapter.run(WorkbenchRunnableAdapter.java:87)
	at org.eclipse.jface.operation.ModalContext$ModalContextThread.run(ModalContext.java:119)
Contains: Could not delete: C:\Users\bushma\Desktop\git\develop_for_test\addressbook-selenium-test\contacts.txt.
!SUBENTRY 1 org.eclipse.core.resources 4 273 2015-11-12 15:20:06.938
!MESSAGE Problems encountered while deleting resources.
!SUBENTRY 2 org.eclipse.core.resources 4 273 2015-11-12 15:20:06.938
!MESSAGE Could not delete 'C:\Users\bushma\Desktop\git\develop_for_test\addressbook-selenium-test\contacts.txt'.
!STACK 1
org.eclipse.core.runtime.CoreException: Problems encountered while deleting files.
	at org.eclipse.core.internal.filesystem.local.LocalFile.delete(LocalFile.java:135)
	at org.eclipse.core.internal.resources.ResourceTree.internalDeleteFile(ResourceTree.java:310)
	at org.eclipse.core.internal.resources.ResourceTree.standardDeleteFile(ResourceTree.java:796)
	at org.eclipse.core.internal.resources.Resource.unprotectedDelete(Resource.java:1827)
	at org.eclipse.core.internal.resources.Resource.delete(Resource.java:781)
	at org.eclipse.ltk.core.refactoring.resource.DeleteResourceChange.perform(DeleteResourceChange.java:168)
	at org.eclipse.ltk.core.refactoring.CompositeChange.perform(CompositeChange.java:278)
	at org.eclipse.jdt.internal.corext.refactoring.changes.DynamicValidationStateChange.access$0(DynamicValidationStateChange.java:1)
	at org.eclipse.jdt.internal.corext.refactoring.changes.DynamicValidationStateChange$1.run(DynamicValidationStateChange.java:113)
	at org.eclipse.jdt.internal.core.BatchOperation.executeOperation(BatchOperation.java:39)
	at org.eclipse.jdt.internal.core.JavaModelOperation.run(JavaModelOperation.java:729)
	at org.eclipse.core.internal.resources.Workspace.run(Workspace.java:2241)
	at org.eclipse.jdt.core.JavaCore.run(JavaCore.java:5409)
	at org.eclipse.jdt.internal.corext.refactoring.changes.DynamicValidationStateChange.perform(DynamicValidationStateChange.java:116)
	at org.eclipse.ltk.core.refactoring.CompositeChange.perform(CompositeChange.java:278)
	at org.eclipse.jdt.internal.corext.refactoring.changes.DynamicValidationStateChange.access$0(DynamicValidationStateChange.java:1)
	at org.eclipse.jdt.internal.corext.refactoring.changes.DynamicValidationStateChange$1.run(DynamicValidationStateChange.java:113)
	at org.eclipse.jdt.internal.core.BatchOperation.executeOperation(BatchOperation.java:39)
	at org.eclipse.jdt.internal.core.JavaModelOperation.run(JavaModelOperation.java:729)
	at org.eclipse.core.internal.resources.Workspace.run(Workspace.java:2241)
	at org.eclipse.jdt.core.JavaCore.run(JavaCore.java:5409)
	at org.eclipse.jdt.internal.corext.refactoring.changes.DynamicValidationStateChange.perform(DynamicValidationStateChange.java:116)
	at org.eclipse.ltk.core.refactoring.CompositeChange.perform(CompositeChange.java:278)
	at org.eclipse.ltk.core.refactoring.PerformChangeOperation$1.run(PerformChangeOperation.java:258)
	at org.eclipse.core.internal.resources.Workspace.run(Workspace.java:2241)
	at org.eclipse.ltk.core.refactoring.PerformChangeOperation.executeChange(PerformChangeOperation.java:306)
	at org.eclipse.ltk.internal.ui.refactoring.UIPerformChangeOperation.executeChange(UIPerformChangeOperation.java:92)
	at org.eclipse.ltk.core.refactoring.PerformChangeOperation.run(PerformChangeOperation.java:218)
	at org.eclipse.core.internal.resources.Workspace.run(Workspace.java:2241)
	at org.eclipse.ltk.internal.ui.refactoring.WorkbenchRunnableAdapter.run(WorkbenchRunnableAdapter.java:87)
	at org.eclipse.jface.operation.ModalContext$ModalContextThread.run(ModalContext.java:119)
Contains: Could not delete: C:\Users\bushma\Desktop\git\develop_for_test\addressbook-selenium-test\contacts.txt.
!SUBENTRY 3 org.eclipse.core.filesystem 4 273 2015-11-12 15:20:06.938
!MESSAGE Problems encountered while deleting files.
!SUBENTRY 4 org.eclipse.core.filesystem 4 273 2015-11-12 15:20:06.938
!MESSAGE Could not delete: C:\Users\bushma\Desktop\git\develop_for_test\addressbook-selenium-test\contacts.txt.

!ENTRY org.testng.eclipse 1 0 2015-11-12 15:21:10.724
!MESSAGE [TestNGLaunchShortcut] Examining Java element:[Working copy] ContactCreationTests.java [in com.example.tests [in src [in addressbook-selenium-test]]]
  package com.example.tests
  import com.example.tests.ContactDataGenerator.loadContactsFromCsvFile
  import com.example.tests.ContactDataGenerator.loadContactsFromXmlFile
  import org.hamcrest.Matchers.equalTo
  import org.junit.Assert.assertThat
  import java.io.File
  import java.io.IOException
  import java.util.Collections
  import java.util.Iterator
  import org.testng.annotations.DataProvider
  import org.testng.annotations.Test
  import com.example.utils.ListOf
  class ContactCreationTests
    Iterator<Object[]> contactsFromFile()
    void testContactCreationWithValidData(ContactData)

!ENTRY org.testng.eclipse 1 0 2015-11-12 15:21:10.827
!MESSAGE [TestNGLaunchConfigurationDelegate] Launching:
  Classpath: C:\Users\bushma\Desktop\git\develop_for_test\addressbook-selenium-test\bin C:\Users\bushma\Downloads\selenium-server-standalone-2.48.2.jar C:\Users\bushma\Downloads\xstream-distribution-1.4.8-bin\xstream-1.4.8\lib\xstream-1.4.8.jar C:\Users\bushma\Downloads\xstream-distribution-1.4.8-bin\xstream-1.4.8\lib\xstream\xmlpull-1.1.3.1.jar C:\Users\bushma\Downloads\xstream-distribution-1.4.8-bin\xstream-1.4.8\lib\xstream\xpp3_min-1.1.4c.jar
  VMArgs:    -ea
  Class:     org.testng.remote.RemoteTestNG
  Args:      -serport 54719 -d C:\Users\bushma\Desktop\git\develop_for_test\addressbook-selenium-test\test-output C:\Users\bushma\AppData\Local\Temp\testng-eclipse-773064754\testng-customsuite.xml
java -ea -classpath C:\Users\bushma\Desktop\git\develop_for_test\addressbook-selenium-test\bin:C:\Users\bushma\Downloads\selenium-server-standalone-2.48.2.jar:C:\Users\bushma\Downloads\xstream-distribution-1.4.8-bin\xstream-1.4.8\lib\xstream-1.4.8.jar:C:\Users\bushma\Downloads\xstream-distribution-1.4.8-bin\xstream-1.4.8\lib\xstream\xmlpull-1.1.3.1.jar:C:\Users\bushma\Downloads\xstream-distribution-1.4.8-bin\xstream-1.4.8\lib\xstream\xpp3_min-1.1.4c.jar org.testng.remote.RemoteTestNG -serport 54719 -d C:\Users\bushma\Desktop\git\develop_for_test\addressbook-selenium-test\test-output C:\Users\bushma\AppData\Local\Temp\testng-eclipse-773064754\testng-customsuite.xml

!ENTRY org.testng.eclipse 1 0 2015-11-12 15:23:53.920
!MESSAGE [TestNGLaunchShortcut] Examining Java element:[Working copy] ContactCreationTests.java [in com.example.tests [in src [in addressbook-selenium-test]]]
  package com.example.tests
  import com.example.tests.ContactDataGenerator.loadContactsFromCsvFile
  import com.example.tests.ContactDataGenerator.loadContactsFromXmlFile
  import org.hamcrest.Matchers.equalTo
  import org.junit.Assert.assertThat
  import java.io.File
  import java.io.IOException
  import java.util.Collections
  import java.util.Iterator
  import org.testng.annotations.DataProvider
  import org.testng.annotations.Test
  import com.example.utils.ListOf
  class ContactCreationTests
    Iterator<Object[]> contactsFromFile()
    void testContactCreationWithValidData(ContactData)

!ENTRY org.testng.eclipse 1 0 2015-11-12 15:23:54.021
!MESSAGE [TestNGLaunchConfigurationDelegate] Launching:
  Classpath: C:\Users\bushma\Desktop\git\develop_for_test\addressbook-selenium-test\bin C:\Users\bushma\Downloads\selenium-server-standalone-2.48.2.jar C:\Users\bushma\Downloads\xstream-distribution-1.4.8-bin\xstream-1.4.8\lib\xstream-1.4.8.jar C:\Users\bushma\Downloads\xstream-distribution-1.4.8-bin\xstream-1.4.8\lib\xstream\xmlpull-1.1.3.1.jar C:\Users\bushma\Downloads\xstream-distribution-1.4.8-bin\xstream-1.4.8\lib\xstream\xpp3_min-1.1.4c.jar
  VMArgs:    -ea
  Class:     org.testng.remote.RemoteTestNG
  Args:      -serport 54860 -d C:\Users\bushma\Desktop\git\develop_for_test\addressbook-selenium-test\test-output C:\Users\bushma\AppData\Local\Temp\testng-eclipse-485519408\testng-customsuite.xml
java -ea -classpath C:\Users\bushma\Desktop\git\develop_for_test\addressbook-selenium-test\bin:C:\Users\bushma\Downloads\selenium-server-standalone-2.48.2.jar:C:\Users\bushma\Downloads\xstream-distribution-1.4.8-bin\xstream-1.4.8\lib\xstream-1.4.8.jar:C:\Users\bushma\Downloads\xstream-distribution-1.4.8-bin\xstream-1.4.8\lib\xstream\xmlpull-1.1.3.1.jar:C:\Users\bushma\Downloads\xstream-distribution-1.4.8-bin\xstream-1.4.8\lib\xstream\xpp3_min-1.1.4c.jar org.testng.remote.RemoteTestNG -serport 54860 -d C:\Users\bushma\Desktop\git\develop_for_test\addressbook-selenium-test\test-output C:\Users\bushma\AppData\Local\Temp\testng-eclipse-485519408\testng-customsuite.xml

!ENTRY org.testng.eclipse 1 0 2015-11-12 15:24:37.771
!MESSAGE [TestNGLaunchShortcut] Examining Java element:[Working copy] ContactCreationTests.java [in com.example.tests [in src [in addressbook-selenium-test]]]
  package com.example.tests
  import com.example.tests.ContactDataGenerator.loadContactsFromCsvFile
  import com.example.tests.ContactDataGenerator.loadContactsFromXmlFile
  import org.hamcrest.Matchers.equalTo
  import org.junit.Assert.assertThat
  import java.io.File
  import java.io.IOException
  import java.util.Collections
  import java.util.Iterator
  import org.testng.annotations.DataProvider
  import org.testng.annotations.Test
  import com.example.utils.ListOf
  class ContactCreationTests
    Iterator<Object[]> contactsFromFile()
    void testContactCreationWithValidData(ContactData)

!ENTRY org.testng.eclipse 1 0 2015-11-12 15:24:37.858
!MESSAGE [TestNGLaunchConfigurationDelegate] Launching:
  Classpath: C:\Users\bushma\Desktop\git\develop_for_test\addressbook-selenium-test\bin C:\Users\bushma\Downloads\selenium-server-standalone-2.48.2.jar C:\Users\bushma\Downloads\xstream-distribution-1.4.8-bin\xstream-1.4.8\lib\xstream-1.4.8.jar C:\Users\bushma\Downloads\xstream-distribution-1.4.8-bin\xstream-1.4.8\lib\xstream\xmlpull-1.1.3.1.jar C:\Users\bushma\Downloads\xstream-distribution-1.4.8-bin\xstream-1.4.8\lib\xstream\xpp3_min-1.1.4c.jar
  VMArgs:    -ea
  Class:     org.testng.remote.RemoteTestNG
  Args:      -serport 54903 -d C:\Users\bushma\Desktop\git\develop_for_test\addressbook-selenium-test\test-output C:\Users\bushma\AppData\Local\Temp\testng-eclipse-1081757610\testng-customsuite.xml
java -ea -classpath C:\Users\bushma\Desktop\git\develop_for_test\addressbook-selenium-test\bin:C:\Users\bushma\Downloads\selenium-server-standalone-2.48.2.jar:C:\Users\bushma\Downloads\xstream-distribution-1.4.8-bin\xstream-1.4.8\lib\xstream-1.4.8.jar:C:\Users\bushma\Downloads\xstream-distribution-1.4.8-bin\xstream-1.4.8\lib\xstream\xmlpull-1.1.3.1.jar:C:\Users\bushma\Downloads\xstream-distribution-1.4.8-bin\xstream-1.4.8\lib\xstream\xpp3_min-1.1.4c.jar org.testng.remote.RemoteTestNG -serport 54903 -d C:\Users\bushma\Desktop\git\develop_for_test\addressbook-selenium-test\test-output C:\Users\bushma\AppData\Local\Temp\testng-eclipse-1081757610\testng-customsuite.xml
